#-----------------------------------------------------------
# Vivado v2020.1.1 (64-bit)
# SW Build 2960000 on Wed Aug  5 22:57:20 MDT 2020
# IP Build 2956692 on Thu Aug  6 01:41:30 MDT 2020
# Start of session at: Thu Nov 19 16:19:36 2020
# Process ID: 27424
# Current directory: D:/JI 2020 Fall/VE370/Projects/VE370_Project/P2/Individual/project_2
# Command line: vivado.exe -gui_launcher_event rodinguilauncherevent8232 D:\JI 2020 Fall\VE370\Projects\VE370_Project\P2\Individual\project_2\project_2.xpr
# Log file: D:/JI 2020 Fall/VE370/Projects/VE370_Project/P2/Individual/project_2/vivado.log
# Journal file: D:/JI 2020 Fall/VE370/Projects/VE370_Project/P2/Individual/project_2\vivado.jou
#-----------------------------------------------------------
start_gui
open_project {D:/JI 2020 Fall/VE370/Projects/VE370_Project/P2/Individual/project_2/project_2.xpr}
INFO: [Project 1-313] Project file moved from 'C:/Users/lenovo/Documents/VE370/Projects/VE370_Project/P2/project_2' since last save.
Scanning sources...
Finished scanning sources
INFO: [IP_Flow 19-234] Refreshing IP repositories
INFO: [IP_Flow 19-1704] No user IP repositories specified
INFO: [IP_Flow 19-2313] Loaded Vivado IP repository 'D:/Xilinx/Vivado/2020.1/data/ip'.
open_project: Time (s): cpu = 00:00:17 ; elapsed = 00:00:06 . Memory (MB): peak = 1027.719 ; gain = 0.000
update_compile_order -fileset sources_1
launch_simulation
Command: launch_simulation 
INFO: [Vivado 12-5682] Launching behavioral simulation in 'D:/JI 2020 Fall/VE370/Projects/VE370_Project/P2/Individual/project_2/project_2.sim/sim_1/behav/xsim'
INFO: [SIM-utils-51] Simulation object is 'sim_1'
INFO: [SIM-utils-54] Inspecting design source files for 'Single_Clock_TestBench' in fileset 'sim_1'...
INFO: [USF-XSim-97] Finding global include files...
INFO: [USF-XSim-98] Fetching design files from 'sim_1'...
INFO: [USF-XSim-2] XSim::Compile design
INFO: [USF-XSim-61] Executing 'COMPILE and ANALYZE' step in 'D:/JI 2020 Fall/VE370/Projects/VE370_Project/P2/Individual/project_2/project_2.sim/sim_1/behav/xsim'
"xvlog --incr --relax -prj Single_Clock_TestBench_vlog.prj"
INFO: [VRFC 10-2263] Analyzing Verilog file "D:/JI 2020 Fall/VE370/Projects/VE370_Project/P2/Individual/project_2/project_2.srcs/sources_1/new/ALU.v" into library xil_defaultlib
INFO: [VRFC 10-311] analyzing module ALU
INFO: [VRFC 10-2263] Analyzing Verilog file "D:/JI 2020 Fall/VE370/Projects/VE370_Project/P2/Individual/project_2/project_2.srcs/sources_1/new/ALUControl.v" into library xil_defaultlib
INFO: [VRFC 10-311] analyzing module ALUControl
INFO: [VRFC 10-2263] Analyzing Verilog file "D:/JI 2020 Fall/VE370/Projects/VE370_Project/P2/Individual/project_2/project_2.srcs/sources_1/new/Control.v" into library xil_defaultlib
INFO: [VRFC 10-311] analyzing module Control
INFO: [VRFC 10-2263] Analyzing Verilog file "D:/JI 2020 Fall/VE370/Projects/VE370_Project/P2/Individual/project_2/project_2.srcs/sources_1/new/DataMEM.v" into library xil_defaultlib
INFO: [VRFC 10-311] analyzing module dataMEM
INFO: [VRFC 10-2263] Analyzing Verilog file "D:/JI 2020 Fall/VE370/Projects/VE370_Project/P2/Individual/project_2/project_2.srcs/sources_1/new/Mux_32.v" into library xil_defaultlib
INFO: [VRFC 10-311] analyzing module Mux_32
INFO: [VRFC 10-2263] Analyzing Verilog file "D:/JI 2020 Fall/VE370/Projects/VE370_Project/P2/Individual/project_2/project_2.srcs/sources_1/new/Mux_5.v" into library xil_defaultlib
INFO: [VRFC 10-311] analyzing module Mux_5
INFO: [VRFC 10-2263] Analyzing Verilog file "D:/JI 2020 Fall/VE370/Projects/VE370_Project/P2/Individual/project_2/project_2.srcs/sources_1/new/PC.v" into library xil_defaultlib
INFO: [VRFC 10-311] analyzing module PC
INFO: [VRFC 10-2263] Analyzing Verilog file "D:/JI 2020 Fall/VE370/Projects/VE370_Project/P2/Individual/project_2/project_2.srcs/sources_1/new/RegFile.v" into library xil_defaultlib
INFO: [VRFC 10-311] analyzing module RegFile
INFO: [VRFC 10-2263] Analyzing Verilog file "D:/JI 2020 Fall/VE370/Projects/VE370_Project/P2/Individual/project_2/project_2.srcs/sources_1/new/SignExtend.v" into library xil_defaultlib
INFO: [VRFC 10-311] analyzing module SignExtend
INFO: [VRFC 10-2263] Analyzing Verilog file "D:/JI 2020 Fall/VE370/Projects/VE370_Project/P2/Individual/project_2/project_2.srcs/sources_1/new/Single_Cycle.v" into library xil_defaultlib
INFO: [VRFC 10-311] analyzing module instructionMEM
INFO: [VRFC 10-311] analyzing module Single_Cycle
INFO: [VRFC 10-2263] Analyzing Verilog file "D:/JI 2020 Fall/VE370/Projects/VE370_Project/P2/Individual/project_2/project_2.srcs/sources_1/new/instructionMEM.v" into library xil_defaultlib
INFO: [VRFC 10-2263] Analyzing Verilog file "D:/JI 2020 Fall/VE370/Projects/VE370_Project/P2/Individual/project_2/project_2.srcs/sources_1/new/SignalClock_TestBench.v" into library xil_defaultlib
INFO: [VRFC 10-311] analyzing module Single_Clock_TestBench
INFO: [VRFC 10-2263] Analyzing Verilog file "D:/JI 2020 Fall/VE370/Projects/VE370_Project/P2/Individual/project_2/project_2.sim/sim_1/behav/xsim/glbl.v" into library xil_defaultlib
INFO: [VRFC 10-311] analyzing module glbl
INFO: [USF-XSim-69] 'compile' step finished in '3' seconds
INFO: [USF-XSim-3] XSim::Elaborate design
INFO: [USF-XSim-61] Executing 'ELABORATE' step in 'D:/JI 2020 Fall/VE370/Projects/VE370_Project/P2/Individual/project_2/project_2.sim/sim_1/behav/xsim'
"xelab -wto 6b109f47e5464ff9b121623c3eb691ca --incr --debug typical --relax --mt 2 -L xil_defaultlib -L unisims_ver -L unimacro_ver -L secureip --snapshot Single_Clock_TestBench_behav xil_defaultlib.Single_Clock_TestBench xil_defaultlib.glbl -log elaborate.log"
Vivado Simulator 2020.1.1
Copyright 1986-1999, 2001-2020 Xilinx, Inc. All Rights Reserved.
Running: D:/Xilinx/Vivado/2020.1/bin/unwrapped/win64.o/xelab.exe -wto 6b109f47e5464ff9b121623c3eb691ca --incr --debug typical --relax --mt 2 -L xil_defaultlib -L unisims_ver -L unimacro_ver -L secureip --snapshot Single_Clock_TestBench_behav xil_defaultlib.Single_Clock_TestBench xil_defaultlib.glbl -log elaborate.log 
Using 2 slave threads.
Starting static elaboration
Pass Through NonSizing Optimizer
Completed static elaboration
Starting simulation data flow analysis
Completed simulation data flow analysis
Time Resolution for simulation is 1ps
Compiling module xil_defaultlib.PC
Compiling module xil_defaultlib.RegFile
Compiling module xil_defaultlib.instructionMEM
Compiling module xil_defaultlib.Control
Compiling module xil_defaultlib.dataMEM
Compiling module xil_defaultlib.SignExtend
Compiling module xil_defaultlib.ALUControl
Compiling module xil_defaultlib.ALU
Compiling module xil_defaultlib.Mux_5
Compiling module xil_defaultlib.Mux_32
Compiling module xil_defaultlib.Single_Cycle
Compiling module xil_defaultlib.Single_Clock_TestBench
Compiling module xil_defaultlib.glbl
Built simulation snapshot Single_Clock_TestBench_behav

****** Webtalk v2020.1.1 (64-bit)
  **** SW Build 2960000 on Wed Aug  5 22:57:20 MDT 2020
  **** IP Build 2956692 on Thu Aug  6 01:41:30 MDT 2020
    ** Copyright 1986-2020 Xilinx, Inc. All Rights Reserved.

source D:/JI -notrace
couldn't read file "D:/JI": no such file or directory
INFO: [Common 17-206] Exiting Webtalk at Thu Nov 19 16:20:28 2020...
INFO: [USF-XSim-69] 'elaborate' step finished in '5' seconds
INFO: [USF-XSim-4] XSim::Simulate design
INFO: [USF-XSim-61] Executing 'SIMULATE' step in 'D:/JI 2020 Fall/VE370/Projects/VE370_Project/P2/Individual/project_2/project_2.sim/sim_1/behav/xsim'
INFO: [USF-XSim-98] *** Running xsim
   with args "Single_Clock_TestBench_behav -key {Behavioral:sim_1:Functional:Single_Clock_TestBench} -tclbatch {Single_Clock_TestBench.tcl} -log {simulate.log}"
INFO: [USF-XSim-8] Loading simulator feature
Vivado Simulator 2020.1.1
Time resolution is 1 ps
source Single_Clock_TestBench.tcl
# set curr_wave [current_wave_config]
# if { [string length $curr_wave] == 0 } {
#   if { [llength [get_objects]] > 0} {
#     add_wave /
#     set_property needs_save false [current_wave_config]
#   } else {
#      send_msg_id Add_Wave-1 WARNING "No top level signals found. Simulator will start without a wave window. If you want to open a wave window go to 'File->New Waveform Configuration' or type 'create_wave_config' in the TCL console."
#   }
# }
# run 1000ns
Start Simulation of Single Cycle! The result is:
Time =           0, CLK = 0, PC = 0x00000000
Instruction: 20080020
[$s0] = 0x00000000, [$s1] = 0x00000000, [$s2] = 0x00000000
[$s3] = 0x00000000, [$s4] = 0x00000000, [$t0] = 0x00000000
[$t1] = 0x00000000, [$t2] = 0x00000000, [$t3] = 0x00000000
----------------------------------------------------------
Time =          20, CLK = 1, PC = 0x00000004
Instruction: 20090037
[$s0] = 0x00000000, [$s1] = 0x00000000, [$s2] = 0x00000000
[$s3] = 0x00000000, [$s4] = 0x00000000, [$t0] = 0x00000020
[$t1] = 0x00000000, [$t2] = 0x00000000, [$t3] = 0x00000000
----------------------------------------------------------
Time =          40, CLK = 0, PC = 0x00000004
Instruction: 20090037
[$s0] = 0x00000000, [$s1] = 0x00000000, [$s2] = 0x00000000
[$s3] = 0x00000000, [$s4] = 0x00000000, [$t0] = 0x00000020
[$t1] = 0x00000000, [$t2] = 0x00000000, [$t3] = 0x00000000
----------------------------------------------------------
Time =          60, CLK = 1, PC = 0x00000008
Instruction: 01098024
[$s0] = 0x00000000, [$s1] = 0x00000000, [$s2] = 0x00000000
[$s3] = 0x00000000, [$s4] = 0x00000000, [$t0] = 0x00000020
[$t1] = 0x00000037, [$t2] = 0x00000000, [$t3] = 0x00000000
----------------------------------------------------------
Time =          80, CLK = 0, PC = 0x00000008
Instruction: 01098024
[$s0] = 0x00000000, [$s1] = 0x00000000, [$s2] = 0x00000000
[$s3] = 0x00000000, [$s4] = 0x00000000, [$t0] = 0x00000020
[$t1] = 0x00000037, [$t2] = 0x00000000, [$t3] = 0x00000000
----------------------------------------------------------
Time =         100, CLK = 1, PC = 0x0000000c
Instruction: 01098025
[$s0] = 0x00000020, [$s1] = 0x00000000, [$s2] = 0x00000000
[$s3] = 0x00000000, [$s4] = 0x00000000, [$t0] = 0x00000020
[$t1] = 0x00000037, [$t2] = 0x00000000, [$t3] = 0x00000000
----------------------------------------------------------
Time =         120, CLK = 0, PC = 0x0000000c
Instruction: 01098025
[$s0] = 0x00000020, [$s1] = 0x00000000, [$s2] = 0x00000000
[$s3] = 0x00000000, [$s4] = 0x00000000, [$t0] = 0x00000020
[$t1] = 0x00000037, [$t2] = 0x00000000, [$t3] = 0x00000000
----------------------------------------------------------
Time =         140, CLK = 1, PC = 0x00000010
Instruction: ac100004
[$s0] = 0x00000037, [$s1] = 0x00000000, [$s2] = 0x00000000
[$s3] = 0x00000000, [$s4] = 0x00000000, [$t0] = 0x00000020
[$t1] = 0x00000037, [$t2] = 0x00000000, [$t3] = 0x00000000
----------------------------------------------------------
Time =         160, CLK = 0, PC = 0x00000010
Instruction: ac100004
[$s0] = 0x00000037, [$s1] = 0x00000000, [$s2] = 0x00000000
[$s3] = 0x00000000, [$s4] = 0x00000000, [$t0] = 0x00000020
[$t1] = 0x00000037, [$t2] = 0x00000000, [$t3] = 0x00000000
----------------------------------------------------------
Time =         180, CLK = 1, PC = 0x00000014
Instruction: ac080008
[$s0] = 0x00000037, [$s1] = 0x00000000, [$s2] = 0x00000000
[$s3] = 0x00000000, [$s4] = 0x00000000, [$t0] = 0x00000020
[$t1] = 0x00000037, [$t2] = 0x00000000, [$t3] = 0x00000000
----------------------------------------------------------
Time =         200, CLK = 0, PC = 0x00000014
Instruction: ac080008
[$s0] = 0x00000037, [$s1] = 0x00000000, [$s2] = 0x00000000
[$s3] = 0x00000000, [$s4] = 0x00000000, [$t0] = 0x00000020
[$t1] = 0x00000037, [$t2] = 0x00000000, [$t3] = 0x00000000
----------------------------------------------------------
Time =         220, CLK = 1, PC = 0x00000018
Instruction: 01098820
[$s0] = 0x00000037, [$s1] = 0x00000000, [$s2] = 0x00000000
[$s3] = 0x00000000, [$s4] = 0x00000000, [$t0] = 0x00000020
[$t1] = 0x00000037, [$t2] = 0x00000000, [$t3] = 0x00000000
----------------------------------------------------------
Time =         240, CLK = 0, PC = 0x00000018
Instruction: 01098820
[$s0] = 0x00000037, [$s1] = 0x00000000, [$s2] = 0x00000000
[$s3] = 0x00000000, [$s4] = 0x00000000, [$t0] = 0x00000020
[$t1] = 0x00000037, [$t2] = 0x00000000, [$t3] = 0x00000000
----------------------------------------------------------
Time =         260, CLK = 1, PC = 0x0000001c
Instruction: 01099022
[$s0] = 0x00000037, [$s1] = 0x00000057, [$s2] = 0x00000000
[$s3] = 0x00000000, [$s4] = 0x00000000, [$t0] = 0x00000020
[$t1] = 0x00000037, [$t2] = 0x00000000, [$t3] = 0x00000000
----------------------------------------------------------
Time =         280, CLK = 0, PC = 0x0000001c
Instruction: 01099022
[$s0] = 0x00000037, [$s1] = 0x00000057, [$s2] = 0x00000000
[$s3] = 0x00000000, [$s4] = 0x00000000, [$t0] = 0x00000020
[$t1] = 0x00000037, [$t2] = 0x00000000, [$t3] = 0x00000000
----------------------------------------------------------
Time =         300, CLK = 1, PC = 0x00000020
Instruction: 12320009
[$s0] = 0x00000037, [$s1] = 0x00000057, [$s2] = 0xffffffe9
[$s3] = 0x00000000, [$s4] = 0x00000000, [$t0] = 0x00000020
[$t1] = 0x00000037, [$t2] = 0x00000000, [$t3] = 0x00000000
----------------------------------------------------------
Time =         320, CLK = 0, PC = 0x00000020
Instruction: 12320009
[$s0] = 0x00000037, [$s1] = 0x00000057, [$s2] = 0xffffffe9
[$s3] = 0x00000000, [$s4] = 0x00000000, [$t0] = 0x00000020
[$t1] = 0x00000037, [$t2] = 0x00000000, [$t3] = 0x00000000
----------------------------------------------------------
Time =         340, CLK = 1, PC = 0x00000024
Instruction: 8c110004
[$s0] = 0x00000037, [$s1] = 0x00000057, [$s2] = 0xffffffe9
[$s3] = 0x00000000, [$s4] = 0x00000000, [$t0] = 0x00000020
[$t1] = 0x00000037, [$t2] = 0x00000000, [$t3] = 0x00000000
----------------------------------------------------------
Time =         360, CLK = 0, PC = 0x00000024
Instruction: 8c110004
[$s0] = 0x00000037, [$s1] = 0x00000057, [$s2] = 0xffffffe9
[$s3] = 0x00000000, [$s4] = 0x00000000, [$t0] = 0x00000020
[$t1] = 0x00000037, [$t2] = 0x00000000, [$t3] = 0x00000000
----------------------------------------------------------
Time =         380, CLK = 1, PC = 0x00000028
Instruction: 32320048
[$s0] = 0x00000037, [$s1] = 0x00000037, [$s2] = 0xffffffe9
[$s3] = 0x00000000, [$s4] = 0x00000000, [$t0] = 0x00000020
[$t1] = 0x00000037, [$t2] = 0x00000000, [$t3] = 0x00000000
----------------------------------------------------------
Time =         400, CLK = 0, PC = 0x00000028
Instruction: 32320048
[$s0] = 0x00000037, [$s1] = 0x00000037, [$s2] = 0xffffffe9
[$s3] = 0x00000000, [$s4] = 0x00000000, [$t0] = 0x00000020
[$t1] = 0x00000037, [$t2] = 0x00000000, [$t3] = 0x00000000
----------------------------------------------------------
Time =         420, CLK = 1, PC = 0x0000002c
Instruction: 12320009
[$s0] = 0x00000037, [$s1] = 0x00000037, [$s2] = 0x00000000
[$s3] = 0x00000000, [$s4] = 0x00000000, [$t0] = 0x00000020
[$t1] = 0x00000037, [$t2] = 0x00000000, [$t3] = 0x00000000
----------------------------------------------------------
Time =         440, CLK = 0, PC = 0x0000002c
Instruction: 12320009
[$s0] = 0x00000037, [$s1] = 0x00000037, [$s2] = 0x00000000
[$s3] = 0x00000000, [$s4] = 0x00000000, [$t0] = 0x00000020
[$t1] = 0x00000037, [$t2] = 0x00000000, [$t3] = 0x00000000
----------------------------------------------------------
Time =         460, CLK = 1, PC = 0x00000030
Instruction: 8c130008
[$s0] = 0x00000037, [$s1] = 0x00000037, [$s2] = 0x00000000
[$s3] = 0x00000000, [$s4] = 0x00000000, [$t0] = 0x00000020
[$t1] = 0x00000037, [$t2] = 0x00000000, [$t3] = 0x00000000
----------------------------------------------------------
Time =         480, CLK = 0, PC = 0x00000030
Instruction: 8c130008
[$s0] = 0x00000037, [$s1] = 0x00000037, [$s2] = 0x00000000
[$s3] = 0x00000000, [$s4] = 0x00000000, [$t0] = 0x00000020
[$t1] = 0x00000037, [$t2] = 0x00000000, [$t3] = 0x00000000
----------------------------------------------------------
Time =         500, CLK = 1, PC = 0x00000034
Instruction: 1213000a
[$s0] = 0x00000037, [$s1] = 0x00000037, [$s2] = 0x00000000
[$s3] = 0x00000020, [$s4] = 0x00000000, [$t0] = 0x00000020
[$t1] = 0x00000037, [$t2] = 0x00000000, [$t3] = 0x00000000
----------------------------------------------------------
Time =         520, CLK = 0, PC = 0x00000034
Instruction: 1213000a
[$s0] = 0x00000037, [$s1] = 0x00000037, [$s2] = 0x00000000
[$s3] = 0x00000020, [$s4] = 0x00000000, [$t0] = 0x00000020
[$t1] = 0x00000037, [$t2] = 0x00000000, [$t3] = 0x00000000
----------------------------------------------------------
Time =         540, CLK = 1, PC = 0x00000038
Instruction: 0251a02a
[$s0] = 0x00000037, [$s1] = 0x00000037, [$s2] = 0x00000000
[$s3] = 0x00000020, [$s4] = 0x00000000, [$t0] = 0x00000020
[$t1] = 0x00000037, [$t2] = 0x00000000, [$t3] = 0x00000000
----------------------------------------------------------
Time =         560, CLK = 0, PC = 0x00000038
Instruction: 0251a02a
[$s0] = 0x00000037, [$s1] = 0x00000037, [$s2] = 0x00000000
[$s3] = 0x00000020, [$s4] = 0x00000000, [$t0] = 0x00000020
[$t1] = 0x00000037, [$t2] = 0x00000000, [$t3] = 0x00000000
----------------------------------------------------------
Time =         580, CLK = 1, PC = 0x0000003c
Instruction: 1280000f
[$s0] = 0x00000037, [$s1] = 0x00000037, [$s2] = 0x00000000
[$s3] = 0x00000020, [$s4] = 0x00000001, [$t0] = 0x00000020
[$t1] = 0x00000037, [$t2] = 0x00000000, [$t3] = 0x00000000
----------------------------------------------------------
Time =         600, CLK = 0, PC = 0x0000003c
Instruction: 1280000f
[$s0] = 0x00000037, [$s1] = 0x00000037, [$s2] = 0x00000000
[$s3] = 0x00000020, [$s4] = 0x00000001, [$t0] = 0x00000020
[$t1] = 0x00000037, [$t2] = 0x00000000, [$t3] = 0x00000000
----------------------------------------------------------
Time =         620, CLK = 1, PC = 0x00000040
Instruction: 02209020
[$s0] = 0x00000037, [$s1] = 0x00000037, [$s2] = 0x00000000
[$s3] = 0x00000020, [$s4] = 0x00000001, [$t0] = 0x00000020
[$t1] = 0x00000037, [$t2] = 0x00000000, [$t3] = 0x00000000
----------------------------------------------------------
Time =         640, CLK = 0, PC = 0x00000040
Instruction: 02209020
[$s0] = 0x00000037, [$s1] = 0x00000037, [$s2] = 0x00000000
[$s3] = 0x00000020, [$s4] = 0x00000001, [$t0] = 0x00000020
[$t1] = 0x00000037, [$t2] = 0x00000000, [$t3] = 0x00000000
----------------------------------------------------------
Time =         660, CLK = 1, PC = 0x00000044
Instruction: 0800000e
[$s0] = 0x00000037, [$s1] = 0x00000037, [$s2] = 0x00000037
[$s3] = 0x00000020, [$s4] = 0x00000001, [$t0] = 0x00000020
[$t1] = 0x00000037, [$t2] = 0x00000000, [$t3] = 0x00000000
----------------------------------------------------------
Time =         680, CLK = 0, PC = 0x00000044
Instruction: 0800000e
[$s0] = 0x00000037, [$s1] = 0x00000037, [$s2] = 0x00000037
[$s3] = 0x00000020, [$s4] = 0x00000001, [$t0] = 0x00000020
[$t1] = 0x00000037, [$t2] = 0x00000000, [$t3] = 0x00000000
----------------------------------------------------------
Time =         700, CLK = 1, PC = 0x00000038
Instruction: 0251a02a
[$s0] = 0x00000037, [$s1] = 0x00000037, [$s2] = 0x00000037
[$s3] = 0x00000020, [$s4] = 0x00000001, [$t0] = 0x00000020
[$t1] = 0x00000037, [$t2] = 0x00000000, [$t3] = 0x00000000
----------------------------------------------------------
Time =         720, CLK = 0, PC = 0x00000038
Instruction: 0251a02a
[$s0] = 0x00000037, [$s1] = 0x00000037, [$s2] = 0x00000037
[$s3] = 0x00000020, [$s4] = 0x00000001, [$t0] = 0x00000020
[$t1] = 0x00000037, [$t2] = 0x00000000, [$t3] = 0x00000000
----------------------------------------------------------
Time =         740, CLK = 1, PC = 0x0000003c
Instruction: 1280000f
[$s0] = 0x00000037, [$s1] = 0x00000037, [$s2] = 0x00000037
[$s3] = 0x00000020, [$s4] = 0x00000000, [$t0] = 0x00000020
[$t1] = 0x00000037, [$t2] = 0x00000000, [$t3] = 0x00000000
----------------------------------------------------------
Time =         760, CLK = 0, PC = 0x0000003c
Instruction: 1280000f
[$s0] = 0x00000037, [$s1] = 0x00000037, [$s2] = 0x00000037
[$s3] = 0x00000020, [$s4] = 0x00000000, [$t0] = 0x00000020
[$t1] = 0x00000037, [$t2] = 0x00000000, [$t3] = 0x00000000
----------------------------------------------------------
Time =         780, CLK = 1, PC = 0x0000007c
Instruction: 1414000f
[$s0] = 0x00000037, [$s1] = 0x00000037, [$s2] = 0x00000037
[$s3] = 0x00000020, [$s4] = 0x00000000, [$t0] = 0x00000020
[$t1] = 0x00000037, [$t2] = 0x00000000, [$t3] = 0x00000000
----------------------------------------------------------
Time =         800, CLK = 0, PC = 0x0000007c
Instruction: 1414000f
[$s0] = 0x00000037, [$s1] = 0x00000037, [$s2] = 0x00000037
[$s3] = 0x00000020, [$s4] = 0x00000000, [$t0] = 0x00000020
[$t1] = 0x00000037, [$t2] = 0x00000000, [$t3] = 0x00000000
----------------------------------------------------------
Time =         820, CLK = 1, PC = 0x00000080
Instruction: 1654000f
[$s0] = 0x00000037, [$s1] = 0x00000037, [$s2] = 0x00000037
[$s3] = 0x00000020, [$s4] = 0x00000000, [$t0] = 0x00000020
[$t1] = 0x00000037, [$t2] = 0x00000000, [$t3] = 0x00000000
----------------------------------------------------------
Time =         840, CLK = 0, PC = 0x00000080
Instruction: 1654000f
[$s0] = 0x00000037, [$s1] = 0x00000037, [$s2] = 0x00000037
[$s3] = 0x00000020, [$s4] = 0x00000000, [$t0] = 0x00000020
[$t1] = 0x00000037, [$t2] = 0x00000000, [$t3] = 0x00000000
----------------------------------------------------------
Time =         860, CLK = 1, PC = 0x000000c0
Instruction: 20080020
[$s0] = 0x00000037, [$s1] = 0x00000037, [$s2] = 0x00000037
[$s3] = 0x00000020, [$s4] = 0x00000000, [$t0] = 0x00000020
[$t1] = 0x00000037, [$t2] = 0x00000000, [$t3] = 0x00000000
----------------------------------------------------------
Time =         880, CLK = 0, PC = 0x000000c0
Instruction: 20080020
[$s0] = 0x00000037, [$s1] = 0x00000037, [$s2] = 0x00000037
[$s3] = 0x00000020, [$s4] = 0x00000000, [$t0] = 0x00000020
[$t1] = 0x00000037, [$t2] = 0x00000000, [$t3] = 0x00000000
----------------------------------------------------------
Exit! Simulation Done!
$stop called at time : 920 ns : File "D:/JI 2020 Fall/VE370/Projects/VE370_Project/P2/Individual/project_2/project_2.srcs/sources_1/new/SignalClock_TestBench.v" Line 32
xsim: Time (s): cpu = 00:00:16 ; elapsed = 00:00:06 . Memory (MB): peak = 1027.719 ; gain = 0.000
INFO: [USF-XSim-96] XSim completed. Design snapshot 'Single_Clock_TestBench_behav' loaded.
INFO: [USF-XSim-97] XSim simulation ran for 1000ns
launch_simulation: Time (s): cpu = 00:00:19 ; elapsed = 00:00:14 . Memory (MB): peak = 1027.719 ; gain = 0.000
close_sim
INFO: [Simtcl 6-16] Simulation closed
exit
INFO: [Common 17-206] Exiting Vivado at Thu Nov 19 16:23:27 2020...
