INFO: [VRFC 10-2263] Analyzing Verilog file "E:/2020 autumn/VE370/projects/project_2_pipeline_implementation_FPGA/project_2_pipeline_implementation_FPGA.srcs/sources_1/new/EX_MEM_regf.v" into library xil_defaultlib
INFO: [VRFC 10-311] analyzing module EX_MEM_regf
INFO: [VRFC 10-2263] Analyzing Verilog file "E:/2020 autumn/VE370/projects/project_2_pipeline_implementation_FPGA/project_2_pipeline_implementation_FPGA.srcs/sources_1/new/Hazard_detection.v" into library xil_defaultlib
INFO: [VRFC 10-311] analyzing module hazard_detection
INFO: [VRFC 10-2263] Analyzing Verilog file "E:/2020 autumn/VE370/projects/project_2_pipeline_implementation_FPGA/project_2_pipeline_implementation_FPGA.srcs/sources_1/new/ID_EX_regf.v" into library xil_defaultlib
INFO: [VRFC 10-311] analyzing module ID_EX_regf
INFO: [VRFC 10-2263] Analyzing Verilog file "E:/2020 autumn/VE370/projects/project_2_pipeline_implementation_FPGA/project_2_pipeline_implementation_FPGA.srcs/sources_1/new/IF_ID_regf.v" into library xil_defaultlib
INFO: [VRFC 10-311] analyzing module IF_ID_regf
INFO: [VRFC 10-2263] Analyzing Verilog file "E:/2020 autumn/VE370/projects/project_2_pipeline_implementation_FPGA/project_2_pipeline_implementation_FPGA.srcs/sources_1/new/MEM_WB_regf.v" into library xil_defaultlib
INFO: [VRFC 10-311] analyzing module MEM_WB_regf
INFO: [VRFC 10-2263] Analyzing Verilog file "E:/2020 autumn/VE370/projects/project_2_pipeline_implementation_FPGA/project_2_pipeline_implementation_FPGA.srcs/sources_1/new/adder.v" into library xil_defaultlib
INFO: [VRFC 10-311] analyzing module adder
INFO: [VRFC 10-2263] Analyzing Verilog file "E:/2020 autumn/VE370/projects/project_2_pipeline_implementation_FPGA/project_2_pipeline_implementation_FPGA.srcs/sources_1/new/alu.v" into library xil_defaultlib
INFO: [VRFC 10-311] analyzing module alusimple
INFO: [VRFC 10-2263] Analyzing Verilog file "E:/2020 autumn/VE370/projects/project_2_pipeline_implementation_FPGA/project_2_pipeline_implementation_FPGA.srcs/sources_1/new/clock_divider_1.v" into library xil_defaultlib
INFO: [VRFC 10-311] analyzing module clock_divider_1
INFO: [VRFC 10-2263] Analyzing Verilog file "E:/2020 autumn/VE370/projects/project_2_pipeline_implementation_FPGA/project_2_pipeline_implementation_FPGA.srcs/sources_1/new/comparator.v" into library xil_defaultlib
INFO: [VRFC 10-311] analyzing module comparator
INFO: [VRFC 10-2263] Analyzing Verilog file "E:/2020 autumn/VE370/projects/project_2_pipeline_implementation_FPGA/project_2_pipeline_implementation_FPGA.srcs/sources_1/new/control.v" into library xil_defaultlib
INFO: [VRFC 10-311] analyzing module controller
INFO: [VRFC 10-2263] Analyzing Verilog file "E:/2020 autumn/VE370/projects/project_2_pipeline_implementation_FPGA/project_2_pipeline_implementation_FPGA.srcs/sources_1/new/datamem.v" into library xil_defaultlib
INFO: [VRFC 10-311] analyzing module data_mem
INFO: [VRFC 10-2263] Analyzing Verilog file "E:/2020 autumn/VE370/projects/project_2_pipeline_implementation_FPGA/project_2_pipeline_implementation_FPGA.srcs/sources_1/new/extender.v" into library xil_defaultlib
INFO: [VRFC 10-311] analyzing module extender
INFO: [VRFC 10-2263] Analyzing Verilog file "E:/2020 autumn/VE370/projects/project_2_pipeline_implementation_FPGA/project_2_pipeline_implementation_FPGA.srcs/sources_1/new/forwarding.v" into library xil_defaultlib
INFO: [VRFC 10-311] analyzing module forwarding
INFO: [VRFC 10-2263] Analyzing Verilog file "E:/2020 autumn/VE370/projects/project_2_pipeline_implementation_FPGA/project_2_pipeline_implementation_FPGA.srcs/sources_1/new/instmem.v" into library xil_defaultlib
INFO: [VRFC 10-311] analyzing module inst_mem
INFO: [VRFC 10-2263] Analyzing Verilog file "E:/2020 autumn/VE370/projects/project_2_pipeline_implementation_FPGA/project_2_pipeline_implementation_FPGA.srcs/sources_1/new/mux21.v" into library xil_defaultlib
INFO: [VRFC 10-311] analyzing module mux21
